[WARNING](2016-07-24 00:00:05,387) in __init__.py:line 45 : Nothing
[WARNING](2016-07-24 00:00:05,392) in __init__.py:line 45 : Nothing
[INFO](2016-07-24 00:00:05,528) in _internal.py:line 87 :  * Running on http://localhost:54321/ (Press CTRL+C to quit)
[INFO](2016-07-24 00:00:05,530) in _internal.py:line 87 :  * Restarting with stat
[WARNING](2016-07-24 00:00:06,775) in __init__.py:line 45 : Nothing
[WARNING](2016-07-24 00:00:06,779) in __init__.py:line 45 : Nothing
[WARNING](2016-07-24 00:00:06,971) in _internal.py:line 87 :  * Debugger is active!
[INFO](2016-07-24 00:00:06,976) in _internal.py:line 87 :  * Debugger pin code: 313-427-143
[WARNING](2016-07-24 00:00:40,860) in __init__.py:line 45 : Nothing
[WARNING](2016-07-24 00:00:40,865) in __init__.py:line 45 : Nothing
[INFO](2016-07-24 00:00:41,009) in _internal.py:line 87 :  * Running on http://localhost:54321/ (Press CTRL+C to quit)
[INFO](2016-07-24 00:00:41,012) in _internal.py:line 87 :  * Restarting with stat
[WARNING](2016-07-24 00:00:42,284) in __init__.py:line 45 : Nothing
[WARNING](2016-07-24 00:00:42,288) in __init__.py:line 45 : Nothing
[WARNING](2016-07-24 00:00:42,426) in _internal.py:line 87 :  * Debugger is active!
[INFO](2016-07-24 00:00:42,431) in _internal.py:line 87 :  * Debugger pin code: 313-427-143
[WARNING](2016-07-24 00:00:51,221) in __init__.py:line 45 : Nothing
[WARNING](2016-07-24 00:00:51,222) in __init__.py:line 45 : Nothing
[INFO](2016-07-24 00:00:51,259) in _internal.py:line 87 :  * Running on http://localhost:54321/ (Press CTRL+C to quit)
[INFO](2016-07-24 00:00:51,260) in _internal.py:line 87 :  * Restarting with stat
[WARNING](2016-07-24 00:00:51,588) in __init__.py:line 45 : Nothing
[WARNING](2016-07-24 00:00:51,590) in __init__.py:line 45 : Nothing
[WARNING](2016-07-24 00:00:51,626) in _internal.py:line 87 :  * Debugger is active!
[INFO](2016-07-24 00:00:51,629) in _internal.py:line 87 :  * Debugger pin code: 313-427-143
[INFO](2016-07-24 00:00:54,904) in _internal.py:line 87 : 127.0.0.1 - - [24/Jul/2016 00:00:54] "GET /api/comment/get HTTP/1.1" 200 -
[INFO](2016-07-24 00:01:09,683) in _internal.py:line 87 : 127.0.0.1 - - [24/Jul/2016 00:01:09] "GET /api/comment/get?commitID=4 HTTP/1.1" 200 -
[INFO](2016-07-24 00:02:12,621) in _internal.py:line 87 : 127.0.0.1 - - [24/Jul/2016 00:02:12] "GET /api/comment/get?commitID=4 HTTP/1.1" 200 -
[INFO](2016-07-24 00:02:14,008) in _internal.py:line 87 : 127.0.0.1 - - [24/Jul/2016 00:02:14] "GET /api/comment/get?commitID=4 HTTP/1.1" 200 -
[INFO](2016-07-24 00:02:14,851) in _internal.py:line 87 : 127.0.0.1 - - [24/Jul/2016 00:02:14] "GET /api/comment/get?commitID=4 HTTP/1.1" 200 -
[INFO](2016-07-24 00:02:15,613) in _internal.py:line 87 : 127.0.0.1 - - [24/Jul/2016 00:02:15] "GET /api/comment/get?commitID=4 HTTP/1.1" 200 -
[INFO](2016-07-24 00:02:21,899) in _internal.py:line 87 : 127.0.0.1 - - [24/Jul/2016 00:02:21] "GET /api/comment/get?commentID=4 HTTP/1.1" 200 -
[INFO](2016-07-24 00:06:07,137) in _internal.py:line 87 :  * Detected change in '/home/lee/mini/mini/app/api/comment.py', reloading
[INFO](2016-07-24 00:06:07,187) in _internal.py:line 87 :  * Restarting with stat
[WARNING](2016-07-24 00:06:07,516) in __init__.py:line 45 : Nothing
[WARNING](2016-07-24 00:06:07,519) in __init__.py:line 45 : Nothing
[WARNING](2016-07-24 00:06:07,553) in _internal.py:line 87 :  * Debugger is active!
[INFO](2016-07-24 00:06:07,555) in _internal.py:line 87 :  * Debugger pin code: 313-427-143
